2025-10-04 16:21:24 | INFO | quality_checker | Iniciando validação de 403915 registros
2025-10-04 16:21:24 | WARNING | quality_checker | Campo 'contribuinte' não encontrado no DataFrame
2025-10-04 16:21:24 | WARNING | quality_checker | Campo 'valor_total' não encontrado no DataFrame
2025-10-04 16:21:24 | WARNING | quality_checker | Campo 'valor_iptu' não encontrado no DataFrame
2025-10-04 16:21:24 | INFO | quality_checker | Verificando completude dos campos obrigatórios...
2025-10-04 16:21:24 | INFO | quality_checker | Verificando consistência do ano...
2025-10-04 16:21:24 | INFO | quality_checker | ✓ Validação concluída:
2025-10-04 16:21:24 | INFO | quality_checker |   - Registros válidos: 403915 (100.00%)
2025-10-04 16:21:24 | INFO | quality_checker |   - Registros inválidos: 0 (0.00%)
2025-10-04 16:21:47 | INFO | quality_checker | Iniciando validação de 407245 registros
2025-10-04 16:21:47 | WARNING | quality_checker | Campo 'contribuinte' não encontrado no DataFrame
2025-10-04 16:21:47 | WARNING | quality_checker | Campo 'valor_total' não encontrado no DataFrame
2025-10-04 16:21:47 | WARNING | quality_checker | Campo 'valor_iptu' não encontrado no DataFrame
2025-10-04 16:21:47 | INFO | quality_checker | Verificando completude dos campos obrigatórios...
2025-10-04 16:21:47 | INFO | quality_checker | Verificando consistência do ano...
2025-10-04 16:21:48 | INFO | quality_checker | ✓ Validação concluída:
2025-10-04 16:21:48 | INFO | quality_checker |   - Registros válidos: 407245 (100.00%)
2025-10-04 16:21:48 | INFO | quality_checker |   - Registros inválidos: 0 (0.00%)
2025-10-04 16:22:06 | INFO | quality_checker | Iniciando validação de 411090 registros
2025-10-04 16:22:06 | WARNING | quality_checker | Campo 'contribuinte' não encontrado no DataFrame
2025-10-04 16:22:06 | WARNING | quality_checker | Campo 'valor_total' não encontrado no DataFrame
2025-10-04 16:22:06 | WARNING | quality_checker | Campo 'valor_iptu' não encontrado no DataFrame
2025-10-04 16:22:06 | INFO | quality_checker | Verificando completude dos campos obrigatórios...
2025-10-04 16:22:06 | INFO | quality_checker | Verificando consistência do ano...
2025-10-04 16:22:06 | INFO | quality_checker | ✓ Validação concluída:
2025-10-04 16:22:06 | INFO | quality_checker |   - Registros válidos: 411090 (100.00%)
2025-10-04 16:22:06 | INFO | quality_checker |   - Registros inválidos: 0 (0.00%)
2025-10-04 16:22:28 | INFO | quality_checker | Iniciando validação de 415029 registros
2025-10-04 16:22:28 | WARNING | quality_checker | Campo 'contribuinte' não encontrado no DataFrame
2025-10-04 16:22:28 | WARNING | quality_checker | Campo 'valor_total' não encontrado no DataFrame
2025-10-04 16:22:28 | WARNING | quality_checker | Campo 'valor_iptu' não encontrado no DataFrame
2025-10-04 16:22:28 | INFO | quality_checker | Verificando completude dos campos obrigatórios...
2025-10-04 16:22:29 | INFO | quality_checker | Verificando consistência do ano...
2025-10-04 16:22:29 | INFO | quality_checker | ✓ Validação concluída:
2025-10-04 16:22:29 | INFO | quality_checker |   - Registros válidos: 415029 (100.00%)
2025-10-04 16:22:29 | INFO | quality_checker |   - Registros inválidos: 0 (0.00%)
2025-10-04 16:26:11 | INFO | quality_checker | Iniciando validação de 403915 registros
2025-10-04 16:26:11 | INFO | quality_checker | Verificando completude dos campos obrigatórios...
2025-10-04 16:26:11 | INFO | quality_checker | Verificando consistência do ano...
2025-10-04 16:26:11 | INFO | quality_checker | Verificando consistência de valor_total...
2025-10-04 16:26:11 | INFO | quality_checker | Verificando consistência de valor_iptu...
2025-10-04 16:26:12 | INFO | quality_checker | ✓ Validação concluída:
2025-10-04 16:26:12 | INFO | quality_checker |   - Registros válidos: 401458 (99.39%)
2025-10-04 16:26:12 | INFO | quality_checker |   - Registros inválidos: 2457 (0.61%)
2025-10-04 16:26:12 | INFO | quality_checker |   - Tipos de erros mais comuns:
2025-10-04 16:26:12 | INFO | quality_checker |     • valor_total_invalido: 2457 ocorrências
2025-10-04 16:26:12 | INFO | quality_checker |     • valor_iptu_invalido: 3 ocorrências
2025-10-04 16:30:02 | INFO | quality_checker | Iniciando validação de 403915 registros
2025-10-04 16:30:02 | INFO | quality_checker | Verificando completude dos campos obrigatórios...
2025-10-04 16:30:02 | INFO | quality_checker | Verificando consistência do ano...
2025-10-04 16:30:02 | INFO | quality_checker | Verificando consistência de valor_total...
2025-10-04 16:30:03 | INFO | quality_checker | Verificando consistência de valor_iptu...
2025-10-04 16:30:03 | INFO | quality_checker | ✓ Validação concluída:
2025-10-04 16:30:03 | INFO | quality_checker |   - Registros válidos: 401458 (99.39%)
2025-10-04 16:30:03 | INFO | quality_checker |   - Registros inválidos: 2457 (0.61%)
2025-10-04 16:30:03 | INFO | quality_checker |   - Tipos de erros mais comuns:
2025-10-04 16:30:03 | INFO | quality_checker |     • valor_total_invalido: 2457 ocorrências
2025-10-04 16:30:03 | INFO | quality_checker |     • valor_iptu_invalido: 3 ocorrências
2025-10-04 16:30:29 | INFO | quality_checker | Iniciando validação de 407245 registros
2025-10-04 16:30:29 | INFO | quality_checker | Verificando completude dos campos obrigatórios...
2025-10-04 16:30:29 | INFO | quality_checker | Verificando consistência do ano...
2025-10-04 16:30:29 | INFO | quality_checker | Verificando consistência de valor_total...
2025-10-04 16:30:30 | INFO | quality_checker | Verificando consistência de valor_iptu...
2025-10-04 16:30:30 | INFO | quality_checker | ✓ Validação concluída:
2025-10-04 16:30:30 | INFO | quality_checker |   - Registros válidos: 404562 (99.34%)
2025-10-04 16:30:30 | INFO | quality_checker |   - Registros inválidos: 2683 (0.66%)
2025-10-04 16:30:30 | INFO | quality_checker |   - Tipos de erros mais comuns:
2025-10-04 16:30:30 | INFO | quality_checker |     • valor_total_invalido: 2683 ocorrências
2025-10-04 16:30:30 | INFO | quality_checker |     • valor_iptu_invalido: 4 ocorrências
2025-10-04 16:30:52 | INFO | quality_checker | Iniciando validação de 411090 registros
2025-10-04 16:30:52 | INFO | quality_checker | Verificando completude dos campos obrigatórios...
2025-10-04 16:30:52 | INFO | quality_checker | Verificando consistência do ano...
2025-10-04 16:30:52 | INFO | quality_checker | Verificando consistência de valor_total...
2025-10-04 16:30:52 | INFO | quality_checker | Verificando consistência de valor_iptu...
2025-10-04 16:30:53 | INFO | quality_checker | ✓ Validação concluída:
2025-10-04 16:30:53 | INFO | quality_checker |   - Registros válidos: 407766 (99.19%)
2025-10-04 16:30:53 | INFO | quality_checker |   - Registros inválidos: 3324 (0.81%)
2025-10-04 16:30:53 | INFO | quality_checker |   - Tipos de erros mais comuns:
2025-10-04 16:30:53 | INFO | quality_checker |     • valor_total_invalido: 3324 ocorrências
2025-10-04 16:30:53 | INFO | quality_checker |     • valor_iptu_invalido: 4 ocorrências
2025-10-04 16:31:13 | INFO | quality_checker | Iniciando validação de 415029 registros
2025-10-04 16:31:13 | INFO | quality_checker | Verificando completude dos campos obrigatórios...
2025-10-04 16:31:13 | INFO | quality_checker | Verificando consistência do ano...
2025-10-04 16:31:13 | INFO | quality_checker | Verificando consistência de valor_total...
2025-10-04 16:31:14 | INFO | quality_checker | Verificando consistência de valor_iptu...
2025-10-04 16:31:14 | INFO | quality_checker | ✓ Validação concluída:
2025-10-04 16:31:14 | INFO | quality_checker |   - Registros válidos: 411162 (99.07%)
2025-10-04 16:31:14 | INFO | quality_checker |   - Registros inválidos: 3867 (0.93%)
2025-10-04 16:31:14 | INFO | quality_checker |   - Tipos de erros mais comuns:
2025-10-04 16:31:14 | INFO | quality_checker |     • valor_total_invalido: 3867 ocorrências
2025-10-04 16:31:14 | INFO | quality_checker |     • valor_iptu_invalido: 7 ocorrências
2025-10-04 16:33:12 | INFO | quality_checker | Iniciando validação de 403915 registros
2025-10-04 16:33:12 | INFO | quality_checker | Verificando completude dos campos obrigatórios...
2025-10-04 16:33:12 | INFO | quality_checker | Verificando consistência do ano...
2025-10-04 16:33:12 | INFO | quality_checker | Verificando consistência de valor_total...
2025-10-04 16:33:13 | INFO | quality_checker | Verificando consistência de valor_iptu...
2025-10-04 16:33:13 | INFO | quality_checker | ✓ Validação concluída:
2025-10-04 16:33:13 | INFO | quality_checker |   - Registros válidos: 401458 (99.39%)
2025-10-04 16:33:13 | INFO | quality_checker |   - Registros inválidos: 2457 (0.61%)
2025-10-04 16:33:13 | INFO | quality_checker |   - Tipos de erros mais comuns:
2025-10-04 16:33:13 | INFO | quality_checker |     • valor_total_invalido: 2457 ocorrências
2025-10-04 16:33:13 | INFO | quality_checker |     • valor_iptu_invalido: 3 ocorrências
2025-10-04 16:33:37 | INFO | quality_checker | Iniciando validação de 407245 registros
2025-10-04 16:33:37 | INFO | quality_checker | Verificando completude dos campos obrigatórios...
2025-10-04 16:33:38 | INFO | quality_checker | Verificando consistência do ano...
2025-10-04 16:33:38 | INFO | quality_checker | Verificando consistência de valor_total...
2025-10-04 16:33:38 | INFO | quality_checker | Verificando consistência de valor_iptu...
2025-10-04 16:33:39 | INFO | quality_checker | ✓ Validação concluída:
2025-10-04 16:33:39 | INFO | quality_checker |   - Registros válidos: 404562 (99.34%)
2025-10-04 16:33:39 | INFO | quality_checker |   - Registros inválidos: 2683 (0.66%)
2025-10-04 16:33:39 | INFO | quality_checker |   - Tipos de erros mais comuns:
2025-10-04 16:33:39 | INFO | quality_checker |     • valor_total_invalido: 2683 ocorrências
2025-10-04 16:33:39 | INFO | quality_checker |     • valor_iptu_invalido: 4 ocorrências
2025-10-04 16:34:02 | INFO | quality_checker | Iniciando validação de 411090 registros
2025-10-04 16:34:02 | INFO | quality_checker | Verificando completude dos campos obrigatórios...
2025-10-04 16:34:03 | INFO | quality_checker | Verificando consistência do ano...
2025-10-04 16:34:03 | INFO | quality_checker | Verificando consistência de valor_total...
2025-10-04 16:34:03 | INFO | quality_checker | Verificando consistência de valor_iptu...
2025-10-04 16:34:04 | INFO | quality_checker | ✓ Validação concluída:
2025-10-04 16:34:04 | INFO | quality_checker |   - Registros válidos: 407766 (99.19%)
2025-10-04 16:34:04 | INFO | quality_checker |   - Registros inválidos: 3324 (0.81%)
2025-10-04 16:34:04 | INFO | quality_checker |   - Tipos de erros mais comuns:
2025-10-04 16:34:04 | INFO | quality_checker |     • valor_total_invalido: 3324 ocorrências
2025-10-04 16:34:04 | INFO | quality_checker |     • valor_iptu_invalido: 4 ocorrências
2025-10-04 16:34:24 | INFO | quality_checker | Iniciando validação de 415029 registros
2025-10-04 16:34:24 | INFO | quality_checker | Verificando completude dos campos obrigatórios...
2025-10-04 16:34:25 | INFO | quality_checker | Verificando consistência do ano...
2025-10-04 16:34:25 | INFO | quality_checker | Verificando consistência de valor_total...
2025-10-04 16:34:25 | INFO | quality_checker | Verificando consistência de valor_iptu...
2025-10-04 16:34:26 | INFO | quality_checker | ✓ Validação concluída:
2025-10-04 16:34:26 | INFO | quality_checker |   - Registros válidos: 411162 (99.07%)
2025-10-04 16:34:26 | INFO | quality_checker |   - Registros inválidos: 3867 (0.93%)
2025-10-04 16:34:26 | INFO | quality_checker |   - Tipos de erros mais comuns:
2025-10-04 16:34:26 | INFO | quality_checker |     • valor_total_invalido: 3867 ocorrências
2025-10-04 16:34:26 | INFO | quality_checker |     • valor_iptu_invalido: 7 ocorrências
2025-10-04 16:34:36 | INFO | quality_checker | Iniciando validação de 500 registros
2025-10-04 16:35:41 | INFO | quality_checker | Iniciando validação de 403915 registros
2025-10-04 16:35:41 | INFO | quality_checker | Verificando completude dos campos obrigatórios...
2025-10-04 16:35:42 | INFO | quality_checker | Verificando consistência do ano...
2025-10-04 16:35:42 | INFO | quality_checker | Verificando consistência de valor_total...
2025-10-04 16:35:42 | INFO | quality_checker | Verificando consistência de valor_iptu...
2025-10-04 16:35:43 | INFO | quality_checker | ✓ Validação concluída:
2025-10-04 16:35:43 | INFO | quality_checker |   - Registros válidos: 401458 (99.39%)
2025-10-04 16:35:43 | INFO | quality_checker |   - Registros inválidos: 2457 (0.61%)
2025-10-04 16:35:43 | INFO | quality_checker |   - Tipos de erros mais comuns:
2025-10-04 16:35:43 | INFO | quality_checker |     • valor_total_invalido: 2457 ocorrências
2025-10-04 16:35:43 | INFO | quality_checker |     • valor_iptu_invalido: 3 ocorrências
2025-10-04 16:36:08 | INFO | quality_checker | Iniciando validação de 407245 registros
2025-10-04 16:36:08 | INFO | quality_checker | Verificando completude dos campos obrigatórios...
2025-10-04 16:36:08 | INFO | quality_checker | Verificando consistência do ano...
2025-10-04 16:36:08 | INFO | quality_checker | Verificando consistência de valor_total...
2025-10-04 16:36:08 | INFO | quality_checker | Verificando consistência de valor_iptu...
2025-10-04 16:36:09 | INFO | quality_checker | ✓ Validação concluída:
2025-10-04 16:36:09 | INFO | quality_checker |   - Registros válidos: 404562 (99.34%)
2025-10-04 16:36:09 | INFO | quality_checker |   - Registros inválidos: 2683 (0.66%)
2025-10-04 16:36:09 | INFO | quality_checker |   - Tipos de erros mais comuns:
2025-10-04 16:36:09 | INFO | quality_checker |     • valor_total_invalido: 2683 ocorrências
2025-10-04 16:36:09 | INFO | quality_checker |     • valor_iptu_invalido: 4 ocorrências
2025-10-04 16:36:29 | INFO | quality_checker | Iniciando validação de 411090 registros
2025-10-04 16:36:29 | INFO | quality_checker | Verificando completude dos campos obrigatórios...
2025-10-04 16:36:29 | INFO | quality_checker | Verificando consistência do ano...
2025-10-04 16:36:29 | INFO | quality_checker | Verificando consistência de valor_total...
2025-10-04 16:36:30 | INFO | quality_checker | Verificando consistência de valor_iptu...
2025-10-04 16:36:30 | INFO | quality_checker | ✓ Validação concluída:
2025-10-04 16:36:30 | INFO | quality_checker |   - Registros válidos: 407766 (99.19%)
2025-10-04 16:36:30 | INFO | quality_checker |   - Registros inválidos: 3324 (0.81%)
2025-10-04 16:36:30 | INFO | quality_checker |   - Tipos de erros mais comuns:
2025-10-04 16:36:30 | INFO | quality_checker |     • valor_total_invalido: 3324 ocorrências
2025-10-04 16:36:30 | INFO | quality_checker |     • valor_iptu_invalido: 4 ocorrências
2025-10-04 16:36:51 | INFO | quality_checker | Iniciando validação de 415029 registros
2025-10-04 16:36:51 | INFO | quality_checker | Verificando completude dos campos obrigatórios...
2025-10-04 16:36:51 | INFO | quality_checker | Verificando consistência do ano...
2025-10-04 16:36:51 | INFO | quality_checker | Verificando consistência de valor_total...
2025-10-04 16:36:51 | INFO | quality_checker | Verificando consistência de valor_iptu...
2025-10-04 16:36:52 | INFO | quality_checker | ✓ Validação concluída:
2025-10-04 16:36:52 | INFO | quality_checker |   - Registros válidos: 411162 (99.07%)
2025-10-04 16:36:52 | INFO | quality_checker |   - Registros inválidos: 3867 (0.93%)
2025-10-04 16:36:52 | INFO | quality_checker |   - Tipos de erros mais comuns:
2025-10-04 16:36:52 | INFO | quality_checker |     • valor_total_invalido: 3867 ocorrências
2025-10-04 16:36:52 | INFO | quality_checker |     • valor_iptu_invalido: 7 ocorrências
2025-10-04 16:37:03 | INFO | quality_checker | Iniciando validação de 500 registros
2025-10-04 16:37:03 | WARNING | quality_checker | Campo 'contribuinte' não encontrado no DataFrame
2025-10-04 16:37:03 | WARNING | quality_checker | Campo 'ano' não encontrado no DataFrame
2025-10-04 16:37:03 | WARNING | quality_checker | Campo 'logradouro' não encontrado no DataFrame
2025-10-04 16:37:03 | WARNING | quality_checker | Campo 'bairro' não encontrado no DataFrame
2025-10-04 16:37:03 | WARNING | quality_checker | Campo 'cidade' não encontrado no DataFrame
2025-10-04 16:37:03 | WARNING | quality_checker | Campo 'valor_total' não encontrado no DataFrame
2025-10-04 16:37:03 | WARNING | quality_checker | Campo 'valor_iptu' não encontrado no DataFrame
2025-10-04 16:37:03 | INFO | quality_checker | Verificando completude dos campos obrigatórios...
2025-10-04 16:37:03 | WARNING | quality_checker | Nenhuma validação pôde ser aplicada
2025-10-04 16:37:03 | INFO | quality_checker | ✓ Validação concluída:
2025-10-04 16:37:03 | INFO | quality_checker |   - Registros válidos: 500 (100.00%)
2025-10-04 16:37:03 | INFO | quality_checker |   - Registros inválidos: 0 (0.00%)
2025-10-04 16:39:03 | INFO | quality_checker | Iniciando validação de 403915 registros
2025-10-04 16:39:03 | INFO | quality_checker | Verificando completude dos campos obrigatórios...
2025-10-04 16:39:04 | INFO | quality_checker | Verificando consistência do ano...
2025-10-04 16:39:04 | INFO | quality_checker | Verificando consistência de valor_total...
2025-10-04 16:39:04 | INFO | quality_checker | Verificando consistência de valor_iptu...
2025-10-04 16:39:05 | INFO | quality_checker | ✓ Validação concluída:
2025-10-04 16:39:05 | INFO | quality_checker |   - Registros válidos: 401458 (99.39%)
2025-10-04 16:39:05 | INFO | quality_checker |   - Registros inválidos: 2457 (0.61%)
2025-10-04 16:39:05 | INFO | quality_checker |   - Tipos de erros mais comuns:
2025-10-04 16:39:05 | INFO | quality_checker |     • valor_total_invalido: 2457 ocorrências
2025-10-04 16:39:05 | INFO | quality_checker |     • valor_iptu_invalido: 3 ocorrências
2025-10-04 16:39:30 | INFO | quality_checker | Iniciando validação de 407245 registros
2025-10-04 16:39:30 | INFO | quality_checker | Verificando completude dos campos obrigatórios...
2025-10-04 16:39:31 | INFO | quality_checker | Verificando consistência do ano...
2025-10-04 16:39:31 | INFO | quality_checker | Verificando consistência de valor_total...
2025-10-04 16:39:31 | INFO | quality_checker | Verificando consistência de valor_iptu...
2025-10-04 16:39:32 | INFO | quality_checker | ✓ Validação concluída:
2025-10-04 16:39:32 | INFO | quality_checker |   - Registros válidos: 404562 (99.34%)
2025-10-04 16:39:32 | INFO | quality_checker |   - Registros inválidos: 2683 (0.66%)
2025-10-04 16:39:32 | INFO | quality_checker |   - Tipos de erros mais comuns:
2025-10-04 16:39:32 | INFO | quality_checker |     • valor_total_invalido: 2683 ocorrências
2025-10-04 16:39:32 | INFO | quality_checker |     • valor_iptu_invalido: 4 ocorrências
2025-10-04 16:39:52 | INFO | quality_checker | Iniciando validação de 411090 registros
2025-10-04 16:39:52 | INFO | quality_checker | Verificando completude dos campos obrigatórios...
2025-10-04 16:39:53 | INFO | quality_checker | Verificando consistência do ano...
2025-10-04 16:39:53 | INFO | quality_checker | Verificando consistência de valor_total...
2025-10-04 16:39:54 | INFO | quality_checker | Verificando consistência de valor_iptu...
2025-10-04 16:39:55 | INFO | quality_checker | ✓ Validação concluída:
2025-10-04 16:39:55 | INFO | quality_checker |   - Registros válidos: 407766 (99.19%)
2025-10-04 16:39:55 | INFO | quality_checker |   - Registros inválidos: 3324 (0.81%)
2025-10-04 16:39:55 | INFO | quality_checker |   - Tipos de erros mais comuns:
2025-10-04 16:39:55 | INFO | quality_checker |     • valor_total_invalido: 3324 ocorrências
2025-10-04 16:39:55 | INFO | quality_checker |     • valor_iptu_invalido: 4 ocorrências
2025-10-04 16:40:15 | INFO | quality_checker | Iniciando validação de 415029 registros
2025-10-04 16:40:15 | INFO | quality_checker | Verificando completude dos campos obrigatórios...
2025-10-04 16:40:16 | INFO | quality_checker | Verificando consistência do ano...
2025-10-04 16:40:16 | INFO | quality_checker | Verificando consistência de valor_total...
2025-10-04 16:40:16 | INFO | quality_checker | Verificando consistência de valor_iptu...
2025-10-04 16:40:17 | INFO | quality_checker | ✓ Validação concluída:
2025-10-04 16:40:17 | INFO | quality_checker |   - Registros válidos: 411162 (99.07%)
2025-10-04 16:40:17 | INFO | quality_checker |   - Registros inválidos: 3867 (0.93%)
2025-10-04 16:40:17 | INFO | quality_checker |   - Tipos de erros mais comuns:
2025-10-04 16:40:17 | INFO | quality_checker |     • valor_total_invalido: 3867 ocorrências
2025-10-04 16:40:17 | INFO | quality_checker |     • valor_iptu_invalido: 7 ocorrências
2025-10-04 16:40:27 | INFO | quality_checker | Iniciando validação de 500 registros
2025-10-04 16:40:27 | WARNING | quality_checker | Campo 'contribuinte' não encontrado no DataFrame
2025-10-04 16:40:27 | WARNING | quality_checker | Campo 'ano' não encontrado no DataFrame
2025-10-04 16:40:27 | WARNING | quality_checker | Campo 'logradouro' não encontrado no DataFrame
2025-10-04 16:40:27 | WARNING | quality_checker | Campo 'bairro' não encontrado no DataFrame
2025-10-04 16:40:27 | WARNING | quality_checker | Campo 'cidade' não encontrado no DataFrame
2025-10-04 16:40:27 | WARNING | quality_checker | Campo 'valor_total' não encontrado no DataFrame
2025-10-04 16:40:27 | WARNING | quality_checker | Campo 'valor_iptu' não encontrado no DataFrame
2025-10-04 16:40:27 | INFO | quality_checker | Verificando completude dos campos obrigatórios...
2025-10-04 16:40:27 | WARNING | quality_checker | Nenhuma validação pôde ser aplicada
2025-10-04 16:40:27 | INFO | quality_checker | ✓ Validação concluída:
2025-10-04 16:40:27 | INFO | quality_checker |   - Registros válidos: 500 (100.00%)
2025-10-04 16:40:27 | INFO | quality_checker |   - Registros inválidos: 0 (0.00%)
2025-10-04 16:42:10 | INFO | quality_checker | Iniciando validação de 403915 registros
2025-10-04 16:42:10 | INFO | quality_checker | Verificando completude dos campos obrigatórios...
2025-10-04 16:42:11 | INFO | quality_checker | Verificando consistência do ano...
2025-10-04 16:42:11 | INFO | quality_checker | Verificando consistência de valor_total...
2025-10-04 16:42:11 | INFO | quality_checker | Verificando consistência de valor_iptu...
2025-10-04 16:42:11 | INFO | quality_checker | ✓ Validação concluída:
2025-10-04 16:42:11 | INFO | quality_checker |   - Registros válidos: 401458 (99.39%)
2025-10-04 16:42:11 | INFO | quality_checker |   - Registros inválidos: 2457 (0.61%)
2025-10-04 16:42:11 | INFO | quality_checker |   - Tipos de erros mais comuns:
2025-10-04 16:42:11 | INFO | quality_checker |     • valor_total_invalido: 2457 ocorrências
2025-10-04 16:42:11 | INFO | quality_checker |     • valor_iptu_invalido: 3 ocorrências
2025-10-04 16:42:39 | INFO | quality_checker | Iniciando validação de 407245 registros
2025-10-04 16:42:39 | INFO | quality_checker | Verificando completude dos campos obrigatórios...
2025-10-04 16:42:40 | INFO | quality_checker | Verificando consistência do ano...
2025-10-04 16:42:40 | INFO | quality_checker | Verificando consistência de valor_total...
2025-10-04 16:42:41 | INFO | quality_checker | Verificando consistência de valor_iptu...
2025-10-04 16:42:42 | INFO | quality_checker | ✓ Validação concluída:
2025-10-04 16:42:42 | INFO | quality_checker |   - Registros válidos: 404562 (99.34%)
2025-10-04 16:42:42 | INFO | quality_checker |   - Registros inválidos: 2683 (0.66%)
2025-10-04 16:42:42 | INFO | quality_checker |   - Tipos de erros mais comuns:
2025-10-04 16:42:42 | INFO | quality_checker |     • valor_total_invalido: 2683 ocorrências
2025-10-04 16:42:42 | INFO | quality_checker |     • valor_iptu_invalido: 4 ocorrências
2025-10-04 16:43:12 | INFO | quality_checker | Iniciando validação de 411090 registros
2025-10-04 16:43:12 | INFO | quality_checker | Verificando completude dos campos obrigatórios...
2025-10-04 16:43:14 | INFO | quality_checker | Verificando consistência do ano...
2025-10-04 16:43:14 | INFO | quality_checker | Verificando consistência de valor_total...
2025-10-04 16:43:15 | INFO | quality_checker | Verificando consistência de valor_iptu...
2025-10-04 16:43:16 | INFO | quality_checker | ✓ Validação concluída:
2025-10-04 16:43:16 | INFO | quality_checker |   - Registros válidos: 407766 (99.19%)
2025-10-04 16:43:16 | INFO | quality_checker |   - Registros inválidos: 3324 (0.81%)
2025-10-04 16:43:16 | INFO | quality_checker |   - Tipos de erros mais comuns:
2025-10-04 16:43:16 | INFO | quality_checker |     • valor_total_invalido: 3324 ocorrências
2025-10-04 16:43:16 | INFO | quality_checker |     • valor_iptu_invalido: 4 ocorrências
2025-10-04 16:43:39 | INFO | quality_checker | Iniciando validação de 415029 registros
2025-10-04 16:43:40 | INFO | quality_checker | Verificando completude dos campos obrigatórios...
2025-10-04 16:43:41 | INFO | quality_checker | Verificando consistência do ano...
2025-10-04 16:43:41 | INFO | quality_checker | Verificando consistência de valor_total...
2025-10-04 16:43:41 | INFO | quality_checker | Verificando consistência de valor_iptu...
2025-10-04 16:43:42 | INFO | quality_checker | ✓ Validação concluída:
2025-10-04 16:43:42 | INFO | quality_checker |   - Registros válidos: 411162 (99.07%)
2025-10-04 16:43:42 | INFO | quality_checker |   - Registros inválidos: 3867 (0.93%)
2025-10-04 16:43:42 | INFO | quality_checker |   - Tipos de erros mais comuns:
2025-10-04 16:43:42 | INFO | quality_checker |     • valor_total_invalido: 3867 ocorrências
2025-10-04 16:43:42 | INFO | quality_checker |     • valor_iptu_invalido: 7 ocorrências
2025-10-04 16:44:00 | INFO | quality_checker | Iniciando validação de 500 registros
2025-10-04 16:44:00 | WARNING | quality_checker | Campo 'contribuinte' não encontrado no DataFrame
2025-10-04 16:44:00 | WARNING | quality_checker | Campo 'ano' não encontrado no DataFrame
2025-10-04 16:44:00 | WARNING | quality_checker | Campo 'logradouro' não encontrado no DataFrame
2025-10-04 16:44:00 | WARNING | quality_checker | Campo 'bairro' não encontrado no DataFrame
2025-10-04 16:44:00 | WARNING | quality_checker | Campo 'cidade' não encontrado no DataFrame
2025-10-04 16:44:00 | WARNING | quality_checker | Campo 'valor_total' não encontrado no DataFrame
2025-10-04 16:44:00 | WARNING | quality_checker | Campo 'valor_iptu' não encontrado no DataFrame
2025-10-04 16:44:00 | INFO | quality_checker | Verificando completude dos campos obrigatórios...
2025-10-04 16:44:00 | WARNING | quality_checker | Nenhuma validação pôde ser aplicada
2025-10-04 16:44:00 | INFO | quality_checker | ✓ Validação concluída:
2025-10-04 16:44:00 | INFO | quality_checker |   - Registros válidos: 500 (100.00%)
2025-10-04 16:44:00 | INFO | quality_checker |   - Registros inválidos: 0 (0.00%)
2025-10-04 17:20:09 | INFO | quality_checker | Iniciando validação de 403915 registros
2025-10-04 17:20:09 | INFO | quality_checker | Verificando completude dos campos obrigatórios...
2025-10-04 17:20:10 | INFO | quality_checker | Verificando consistência do ano...
2025-10-04 17:20:10 | INFO | quality_checker | Verificando consistência de valor_total...
2025-10-04 17:20:11 | INFO | quality_checker | Verificando consistência de valor_iptu...
2025-10-04 17:20:12 | INFO | quality_checker | ✓ Validação concluída:
2025-10-04 17:20:12 | INFO | quality_checker |   - Registros válidos: 401458 (99.39%)
2025-10-04 17:20:12 | INFO | quality_checker |   - Registros inválidos: 2457 (0.61%)
2025-10-04 17:20:12 | INFO | quality_checker |   - Tipos de erros mais comuns:
2025-10-04 17:20:12 | INFO | quality_checker |     • valor_total_invalido: 2457 ocorrências
2025-10-04 17:20:12 | INFO | quality_checker |     • valor_iptu_invalido: 3 ocorrências
2025-10-04 17:20:51 | INFO | quality_checker | Iniciando validação de 407245 registros
2025-10-04 17:20:51 | INFO | quality_checker | Verificando completude dos campos obrigatórios...
2025-10-04 17:20:52 | INFO | quality_checker | Verificando consistência do ano...
2025-10-04 17:20:52 | INFO | quality_checker | Verificando consistência de valor_total...
2025-10-04 17:20:54 | INFO | quality_checker | Verificando consistência de valor_iptu...
2025-10-04 17:20:56 | INFO | quality_checker | ✓ Validação concluída:
2025-10-04 17:20:56 | INFO | quality_checker |   - Registros válidos: 404562 (99.34%)
2025-10-04 17:20:56 | INFO | quality_checker |   - Registros inválidos: 2683 (0.66%)
2025-10-04 17:20:56 | INFO | quality_checker |   - Tipos de erros mais comuns:
2025-10-04 17:20:56 | INFO | quality_checker |     • valor_total_invalido: 2683 ocorrências
2025-10-04 17:20:56 | INFO | quality_checker |     • valor_iptu_invalido: 4 ocorrências
2025-10-04 17:21:37 | INFO | quality_checker | Iniciando validação de 411090 registros
2025-10-04 17:21:37 | INFO | quality_checker | Verificando completude dos campos obrigatórios...
2025-10-04 17:21:38 | INFO | quality_checker | Verificando consistência do ano...
2025-10-04 17:21:38 | INFO | quality_checker | Verificando consistência de valor_total...
2025-10-04 17:21:38 | INFO | quality_checker | Verificando consistência de valor_iptu...
2025-10-04 17:21:39 | INFO | quality_checker | ✓ Validação concluída:
2025-10-04 17:21:39 | INFO | quality_checker |   - Registros válidos: 407766 (99.19%)
2025-10-04 17:21:39 | INFO | quality_checker |   - Registros inválidos: 3324 (0.81%)
2025-10-04 17:21:39 | INFO | quality_checker |   - Tipos de erros mais comuns:
2025-10-04 17:21:39 | INFO | quality_checker |     • valor_total_invalido: 3324 ocorrências
2025-10-04 17:21:39 | INFO | quality_checker |     • valor_iptu_invalido: 4 ocorrências
2025-10-04 17:22:06 | INFO | quality_checker | Iniciando validação de 415029 registros
2025-10-04 17:22:06 | INFO | quality_checker | Verificando completude dos campos obrigatórios...
2025-10-04 17:22:07 | INFO | quality_checker | Verificando consistência do ano...
2025-10-04 17:22:07 | INFO | quality_checker | Verificando consistência de valor_total...
2025-10-04 17:22:07 | INFO | quality_checker | Verificando consistência de valor_iptu...
2025-10-04 17:22:08 | INFO | quality_checker | ✓ Validação concluída:
2025-10-04 17:22:08 | INFO | quality_checker |   - Registros válidos: 411162 (99.07%)
2025-10-04 17:22:08 | INFO | quality_checker |   - Registros inválidos: 3867 (0.93%)
2025-10-04 17:22:08 | INFO | quality_checker |   - Tipos de erros mais comuns:
2025-10-04 17:22:08 | INFO | quality_checker |     • valor_total_invalido: 3867 ocorrências
2025-10-04 17:22:08 | INFO | quality_checker |     • valor_iptu_invalido: 7 ocorrências
2025-10-04 17:22:20 | INFO | quality_checker | Iniciando validação de 500 registros
2025-10-04 17:22:20 | INFO | quality_checker | Verificando completude dos campos obrigatórios...
2025-10-04 17:22:20 | INFO | quality_checker | Verificando consistência do ano...
2025-10-04 17:22:20 | INFO | quality_checker | Verificando consistência de valor_total...
2025-10-04 17:22:20 | INFO | quality_checker | Verificando consistência de valor_iptu...
2025-10-04 17:22:20 | INFO | quality_checker | ✓ Validação concluída:
2025-10-04 17:22:20 | INFO | quality_checker |   - Registros válidos: 498 (99.60%)
2025-10-04 17:22:20 | INFO | quality_checker |   - Registros inválidos: 2 (0.40%)
2025-10-04 17:22:20 | INFO | quality_checker |   - Tipos de erros mais comuns:
2025-10-04 17:22:20 | INFO | quality_checker |     • valor_total_invalido: 2 ocorrências
2025-10-04 17:25:24 | INFO | quality_checker | Iniciando validação de 403915 registros
2025-10-04 17:25:24 | INFO | quality_checker | Verificando completude dos campos obrigatórios...
2025-10-04 17:25:24 | INFO | quality_checker | Verificando consistência do ano...
2025-10-04 17:25:24 | INFO | quality_checker | Verificando consistência de valor_total...
2025-10-04 17:25:25 | INFO | quality_checker | Verificando consistência de valor_iptu...
2025-10-04 17:25:25 | INFO | quality_checker | ✓ Validação concluída:
2025-10-04 17:25:25 | INFO | quality_checker |   - Registros válidos: 401458 (99.39%)
2025-10-04 17:25:25 | INFO | quality_checker |   - Registros inválidos: 2457 (0.61%)
2025-10-04 17:25:25 | INFO | quality_checker |   - Tipos de erros mais comuns:
2025-10-04 17:25:25 | INFO | quality_checker |     • valor_total_invalido: 2457 ocorrências
2025-10-04 17:25:25 | INFO | quality_checker |     • valor_iptu_invalido: 3 ocorrências
2025-10-04 17:26:07 | INFO | quality_checker | Iniciando validação de 407245 registros
2025-10-04 17:26:07 | INFO | quality_checker | Verificando completude dos campos obrigatórios...
2025-10-04 17:26:08 | INFO | quality_checker | Verificando consistência do ano...
2025-10-04 17:26:08 | INFO | quality_checker | Verificando consistência de valor_total...
2025-10-04 17:26:09 | INFO | quality_checker | Verificando consistência de valor_iptu...
2025-10-04 17:26:10 | INFO | quality_checker | ✓ Validação concluída:
2025-10-04 17:26:10 | INFO | quality_checker |   - Registros válidos: 404562 (99.34%)
2025-10-04 17:26:10 | INFO | quality_checker |   - Registros inválidos: 2683 (0.66%)
2025-10-04 17:26:10 | INFO | quality_checker |   - Tipos de erros mais comuns:
2025-10-04 17:26:10 | INFO | quality_checker |     • valor_total_invalido: 2683 ocorrências
2025-10-04 17:26:10 | INFO | quality_checker |     • valor_iptu_invalido: 4 ocorrências
2025-10-04 17:26:44 | INFO | quality_checker | Iniciando validação de 411090 registros
2025-10-04 17:26:44 | INFO | quality_checker | Verificando completude dos campos obrigatórios...
2025-10-04 17:26:44 | INFO | quality_checker | Verificando consistência do ano...
2025-10-04 17:26:44 | INFO | quality_checker | Verificando consistência de valor_total...
2025-10-04 17:26:45 | INFO | quality_checker | Verificando consistência de valor_iptu...
2025-10-04 17:26:46 | INFO | quality_checker | ✓ Validação concluída:
2025-10-04 17:26:46 | INFO | quality_checker |   - Registros válidos: 407766 (99.19%)
2025-10-04 17:26:46 | INFO | quality_checker |   - Registros inválidos: 3324 (0.81%)
2025-10-04 17:26:46 | INFO | quality_checker |   - Tipos de erros mais comuns:
2025-10-04 17:26:46 | INFO | quality_checker |     • valor_total_invalido: 3324 ocorrências
2025-10-04 17:26:46 | INFO | quality_checker |     • valor_iptu_invalido: 4 ocorrências
2025-10-04 17:27:12 | INFO | quality_checker | Iniciando validação de 415029 registros
2025-10-04 17:27:12 | INFO | quality_checker | Verificando completude dos campos obrigatórios...
2025-10-04 17:27:13 | INFO | quality_checker | Verificando consistência do ano...
2025-10-04 17:27:13 | INFO | quality_checker | Verificando consistência de valor_total...
2025-10-04 17:27:14 | INFO | quality_checker | Verificando consistência de valor_iptu...
2025-10-04 17:27:14 | INFO | quality_checker | ✓ Validação concluída:
2025-10-04 17:27:14 | INFO | quality_checker |   - Registros válidos: 411162 (99.07%)
2025-10-04 17:27:14 | INFO | quality_checker |   - Registros inválidos: 3867 (0.93%)
2025-10-04 17:27:14 | INFO | quality_checker |   - Tipos de erros mais comuns:
2025-10-04 17:27:14 | INFO | quality_checker |     • valor_total_invalido: 3867 ocorrências
2025-10-04 17:27:14 | INFO | quality_checker |     • valor_iptu_invalido: 7 ocorrências
2025-10-04 17:27:33 | INFO | quality_checker | Iniciando validação de 500 registros
2025-10-04 17:27:33 | INFO | quality_checker | Verificando completude dos campos obrigatórios...
2025-10-04 17:27:33 | INFO | quality_checker | Verificando consistência do ano...
2025-10-04 17:27:33 | INFO | quality_checker | Verificando consistência de valor_total...
2025-10-04 17:27:33 | INFO | quality_checker | Verificando consistência de valor_iptu...
2025-10-04 17:27:33 | INFO | quality_checker | ✓ Validação concluída:
2025-10-04 17:27:33 | INFO | quality_checker |   - Registros válidos: 498 (99.60%)
2025-10-04 17:27:33 | INFO | quality_checker |   - Registros inválidos: 2 (0.40%)
2025-10-04 17:27:33 | INFO | quality_checker |   - Tipos de erros mais comuns:
2025-10-04 17:27:33 | INFO | quality_checker |     • valor_total_invalido: 2 ocorrências
2025-10-04 17:36:11 | INFO | quality_checker | Iniciando validação de 403915 registros
2025-10-04 17:36:11 | INFO | quality_checker | Verificando completude dos campos obrigatórios...
2025-10-04 17:36:13 | INFO | quality_checker | Verificando consistência do ano...
2025-10-04 17:36:13 | INFO | quality_checker | Verificando consistência de valor_total...
2025-10-04 17:36:14 | INFO | quality_checker | Verificando consistência de valor_iptu...
2025-10-04 17:36:15 | INFO | quality_checker | ✓ Validação concluída:
2025-10-04 17:36:15 | INFO | quality_checker |   - Registros válidos: 401458 (99.39%)
2025-10-04 17:36:15 | INFO | quality_checker |   - Registros inválidos: 2457 (0.61%)
2025-10-04 17:36:15 | INFO | quality_checker |   - Tipos de erros mais comuns:
2025-10-04 17:36:15 | INFO | quality_checker |     • valor_total_invalido: 2457 ocorrências
2025-10-04 17:36:15 | INFO | quality_checker |     • valor_iptu_invalido: 3 ocorrências
2025-10-04 17:36:55 | INFO | quality_checker | Iniciando validação de 407245 registros
2025-10-04 17:36:55 | INFO | quality_checker | Verificando completude dos campos obrigatórios...
2025-10-04 17:36:56 | INFO | quality_checker | Verificando consistência do ano...
2025-10-04 17:36:56 | INFO | quality_checker | Verificando consistência de valor_total...
2025-10-04 17:36:57 | INFO | quality_checker | Verificando consistência de valor_iptu...
2025-10-04 17:36:58 | INFO | quality_checker | ✓ Validação concluída:
2025-10-04 17:36:58 | INFO | quality_checker |   - Registros válidos: 404562 (99.34%)
2025-10-04 17:36:58 | INFO | quality_checker |   - Registros inválidos: 2683 (0.66%)
2025-10-04 17:36:58 | INFO | quality_checker |   - Tipos de erros mais comuns:
2025-10-04 17:36:58 | INFO | quality_checker |     • valor_total_invalido: 2683 ocorrências
2025-10-04 17:36:58 | INFO | quality_checker |     • valor_iptu_invalido: 4 ocorrências
2025-10-04 17:39:42 | INFO | quality_checker | Iniciando validação de 403915 registros
2025-10-04 17:39:42 | INFO | quality_checker | Verificando completude dos campos obrigatórios...
2025-10-04 17:39:43 | INFO | quality_checker | Verificando consistência do ano...
2025-10-04 17:39:43 | INFO | quality_checker | Verificando consistência de valor_total...
2025-10-04 17:39:44 | INFO | quality_checker | Verificando consistência de valor_iptu...
2025-10-04 17:39:44 | INFO | quality_checker | ✓ Validação concluída:
2025-10-04 17:39:44 | INFO | quality_checker |   - Registros válidos: 401458 (99.39%)
2025-10-04 17:39:44 | INFO | quality_checker |   - Registros inválidos: 2457 (0.61%)
2025-10-04 17:39:44 | INFO | quality_checker |   - Tipos de erros mais comuns:
2025-10-04 17:39:44 | INFO | quality_checker |     • valor_total_invalido: 2457 ocorrências
2025-10-04 17:39:44 | INFO | quality_checker |     • valor_iptu_invalido: 3 ocorrências
2025-10-04 17:40:17 | INFO | quality_checker | Iniciando validação de 407245 registros
2025-10-04 17:40:17 | INFO | quality_checker | Verificando completude dos campos obrigatórios...
2025-10-04 17:40:17 | INFO | quality_checker | Verificando consistência do ano...
2025-10-04 17:40:17 | INFO | quality_checker | Verificando consistência de valor_total...
2025-10-04 17:40:18 | INFO | quality_checker | Verificando consistência de valor_iptu...
2025-10-04 17:40:19 | INFO | quality_checker | ✓ Validação concluída:
2025-10-04 17:40:19 | INFO | quality_checker |   - Registros válidos: 404562 (99.34%)
2025-10-04 17:40:19 | INFO | quality_checker |   - Registros inválidos: 2683 (0.66%)
2025-10-04 17:40:19 | INFO | quality_checker |   - Tipos de erros mais comuns:
2025-10-04 17:40:19 | INFO | quality_checker |     • valor_total_invalido: 2683 ocorrências
2025-10-04 17:40:19 | INFO | quality_checker |     • valor_iptu_invalido: 4 ocorrências
2025-10-04 17:40:50 | INFO | quality_checker | Iniciando validação de 411090 registros
2025-10-04 17:40:50 | INFO | quality_checker | Verificando completude dos campos obrigatórios...
2025-10-04 17:40:52 | INFO | quality_checker | Verificando consistência do ano...
2025-10-04 17:40:52 | INFO | quality_checker | Verificando consistência de valor_total...
2025-10-04 17:40:52 | INFO | quality_checker | Verificando consistência de valor_iptu...
2025-10-04 17:40:54 | INFO | quality_checker | ✓ Validação concluída:
2025-10-04 17:40:54 | INFO | quality_checker |   - Registros válidos: 407766 (99.19%)
2025-10-04 17:40:54 | INFO | quality_checker |   - Registros inválidos: 3324 (0.81%)
2025-10-04 17:40:54 | INFO | quality_checker |   - Tipos de erros mais comuns:
2025-10-04 17:40:54 | INFO | quality_checker |     • valor_total_invalido: 3324 ocorrências
2025-10-04 17:40:54 | INFO | quality_checker |     • valor_iptu_invalido: 4 ocorrências
2025-10-04 17:41:18 | INFO | quality_checker | Iniciando validação de 415029 registros
2025-10-04 17:41:18 | INFO | quality_checker | Verificando completude dos campos obrigatórios...
2025-10-04 17:41:18 | INFO | quality_checker | Verificando consistência do ano...
2025-10-04 17:41:18 | INFO | quality_checker | Verificando consistência de valor_total...
2025-10-04 17:41:19 | INFO | quality_checker | Verificando consistência de valor_iptu...
2025-10-04 17:41:19 | INFO | quality_checker | ✓ Validação concluída:
2025-10-04 17:41:19 | INFO | quality_checker |   - Registros válidos: 411162 (99.07%)
2025-10-04 17:41:19 | INFO | quality_checker |   - Registros inválidos: 3867 (0.93%)
2025-10-04 17:41:20 | INFO | quality_checker |   - Tipos de erros mais comuns:
2025-10-04 17:41:20 | INFO | quality_checker |     • valor_total_invalido: 3867 ocorrências
2025-10-04 17:41:20 | INFO | quality_checker |     • valor_iptu_invalido: 7 ocorrências
2025-10-04 17:41:32 | INFO | quality_checker | Iniciando validação de 500 registros
2025-10-04 17:41:32 | INFO | quality_checker | Verificando completude dos campos obrigatórios...
2025-10-04 17:41:32 | INFO | quality_checker | Verificando consistência do ano...
2025-10-04 17:41:32 | INFO | quality_checker | Verificando consistência de valor_total...
2025-10-04 17:41:32 | INFO | quality_checker | Verificando consistência de valor_iptu...
2025-10-04 17:41:32 | INFO | quality_checker | ✓ Validação concluída:
2025-10-04 17:41:32 | INFO | quality_checker |   - Registros válidos: 498 (99.60%)
2025-10-04 17:41:32 | INFO | quality_checker |   - Registros inválidos: 2 (0.40%)
2025-10-04 17:41:32 | INFO | quality_checker |   - Tipos de erros mais comuns:
2025-10-04 17:41:32 | INFO | quality_checker |     • valor_total_invalido: 2 ocorrências
2025-10-04 20:27:40 | INFO | quality_checker | Iniciando validação de 403915 registros
2025-10-04 20:27:40 | INFO | quality_checker | Verificando completude dos campos obrigatórios...
2025-10-04 20:27:41 | INFO | quality_checker | Verificando consistência do ano...
2025-10-04 20:27:41 | INFO | quality_checker | Verificando consistência de valor_total...
2025-10-04 20:27:42 | INFO | quality_checker | Verificando consistência de valor_iptu...
2025-10-04 20:27:43 | INFO | quality_checker | ✓ Validação concluída:
2025-10-04 20:27:43 | INFO | quality_checker |   - Registros válidos: 401458 (99.39%)
2025-10-04 20:27:43 | INFO | quality_checker |   - Registros inválidos: 2457 (0.61%)
2025-10-04 20:27:43 | INFO | quality_checker |   - Tipos de erros mais comuns:
2025-10-04 20:27:43 | INFO | quality_checker |     • valor_total_invalido: 2457 ocorrências
2025-10-04 20:27:43 | INFO | quality_checker |     • valor_iptu_invalido: 3 ocorrências
2025-10-04 20:28:22 | INFO | quality_checker | Iniciando validação de 407245 registros
2025-10-04 20:28:22 | INFO | quality_checker | Verificando completude dos campos obrigatórios...
2025-10-04 20:28:22 | INFO | quality_checker | Verificando consistência do ano...
2025-10-04 20:28:22 | INFO | quality_checker | Verificando consistência de valor_total...
2025-10-04 20:28:23 | INFO | quality_checker | Verificando consistência de valor_iptu...
2025-10-04 20:28:23 | INFO | quality_checker | ✓ Validação concluída:
2025-10-04 20:28:23 | INFO | quality_checker |   - Registros válidos: 404562 (99.34%)
2025-10-04 20:28:23 | INFO | quality_checker |   - Registros inválidos: 2683 (0.66%)
2025-10-04 20:28:23 | INFO | quality_checker |   - Tipos de erros mais comuns:
2025-10-04 20:28:23 | INFO | quality_checker |     • valor_total_invalido: 2683 ocorrências
2025-10-04 20:28:23 | INFO | quality_checker |     • valor_iptu_invalido: 4 ocorrências
2025-10-04 20:28:53 | INFO | quality_checker | Iniciando validação de 411090 registros
2025-10-04 20:28:53 | INFO | quality_checker | Verificando completude dos campos obrigatórios...
2025-10-04 20:28:54 | INFO | quality_checker | Verificando consistência do ano...
2025-10-04 20:28:54 | INFO | quality_checker | Verificando consistência de valor_total...
2025-10-04 20:28:54 | INFO | quality_checker | Verificando consistência de valor_iptu...
2025-10-04 20:28:55 | INFO | quality_checker | ✓ Validação concluída:
2025-10-04 20:28:55 | INFO | quality_checker |   - Registros válidos: 407766 (99.19%)
2025-10-04 20:28:55 | INFO | quality_checker |   - Registros inválidos: 3324 (0.81%)
2025-10-04 20:28:55 | INFO | quality_checker |   - Tipos de erros mais comuns:
2025-10-04 20:28:55 | INFO | quality_checker |     • valor_total_invalido: 3324 ocorrências
2025-10-04 20:28:55 | INFO | quality_checker |     • valor_iptu_invalido: 4 ocorrências
2025-10-04 20:29:30 | INFO | quality_checker | Iniciando validação de 415029 registros
2025-10-04 20:29:30 | INFO | quality_checker | Verificando completude dos campos obrigatórios...
2025-10-04 20:29:31 | INFO | quality_checker | Verificando consistência do ano...
2025-10-04 20:29:31 | INFO | quality_checker | Verificando consistência de valor_total...
2025-10-04 20:29:32 | INFO | quality_checker | Verificando consistência de valor_iptu...
2025-10-04 20:29:34 | INFO | quality_checker | ✓ Validação concluída:
2025-10-04 20:29:34 | INFO | quality_checker |   - Registros válidos: 411162 (99.07%)
2025-10-04 20:29:34 | INFO | quality_checker |   - Registros inválidos: 3867 (0.93%)
2025-10-04 20:29:34 | INFO | quality_checker |   - Tipos de erros mais comuns:
2025-10-04 20:29:34 | INFO | quality_checker |     • valor_total_invalido: 3867 ocorrências
2025-10-04 20:29:34 | INFO | quality_checker |     • valor_iptu_invalido: 7 ocorrências
2025-10-04 20:29:55 | INFO | quality_checker | Iniciando validação de 500 registros
2025-10-04 20:29:55 | INFO | quality_checker | Verificando completude dos campos obrigatórios...
2025-10-04 20:29:55 | INFO | quality_checker | Verificando consistência do ano...
2025-10-04 20:29:55 | INFO | quality_checker | Verificando consistência de valor_total...
2025-10-04 20:29:55 | INFO | quality_checker | Verificando consistência de valor_iptu...
2025-10-04 20:29:55 | INFO | quality_checker | ✓ Validação concluída:
2025-10-04 20:29:55 | INFO | quality_checker |   - Registros válidos: 498 (99.60%)
2025-10-04 20:29:55 | INFO | quality_checker |   - Registros inválidos: 2 (0.40%)
2025-10-04 20:29:55 | INFO | quality_checker |   - Tipos de erros mais comuns:
2025-10-04 20:29:55 | INFO | quality_checker |     • valor_total_invalido: 2 ocorrências
2025-10-04 21:08:57 | INFO | quality_checker | Iniciando validação de 403915 registros
2025-10-04 21:08:57 | INFO | quality_checker | Verificando completude dos campos obrigatórios...
2025-10-04 21:08:58 | INFO | quality_checker | Verificando consistência do ano...
2025-10-04 21:08:58 | INFO | quality_checker | Verificando consistência de valor_total...
2025-10-04 21:08:58 | INFO | quality_checker | Verificando consistência de valor_iptu...
2025-10-04 21:08:59 | INFO | quality_checker | ✓ Validação concluída:
2025-10-04 21:08:59 | INFO | quality_checker |   - Registros válidos: 401458 (99.39%)
2025-10-04 21:08:59 | INFO | quality_checker |   - Registros inválidos: 2457 (0.61%)
2025-10-04 21:08:59 | INFO | quality_checker |   - Tipos de erros mais comuns:
2025-10-04 21:08:59 | INFO | quality_checker |     • valor_total_invalido: 2457 ocorrências
2025-10-04 21:08:59 | INFO | quality_checker |     • valor_iptu_invalido: 3 ocorrências
2025-10-04 21:09:24 | INFO | quality_checker | Iniciando validação de 407245 registros
2025-10-04 21:09:24 | INFO | quality_checker | Verificando completude dos campos obrigatórios...
2025-10-04 21:09:24 | INFO | quality_checker | Verificando consistência do ano...
2025-10-04 21:09:24 | INFO | quality_checker | Verificando consistência de valor_total...
2025-10-04 21:09:25 | INFO | quality_checker | Verificando consistência de valor_iptu...
2025-10-04 21:09:25 | INFO | quality_checker | ✓ Validação concluída:
2025-10-04 21:09:25 | INFO | quality_checker |   - Registros válidos: 404562 (99.34%)
2025-10-04 21:09:25 | INFO | quality_checker |   - Registros inválidos: 2683 (0.66%)
2025-10-04 21:09:25 | INFO | quality_checker |   - Tipos de erros mais comuns:
2025-10-04 21:09:25 | INFO | quality_checker |     • valor_total_invalido: 2683 ocorrências
2025-10-04 21:09:25 | INFO | quality_checker |     • valor_iptu_invalido: 4 ocorrências
2025-10-04 21:09:50 | INFO | quality_checker | Iniciando validação de 411090 registros
2025-10-04 21:09:50 | INFO | quality_checker | Verificando completude dos campos obrigatórios...
2025-10-04 21:09:50 | INFO | quality_checker | Verificando consistência do ano...
2025-10-04 21:09:50 | INFO | quality_checker | Verificando consistência de valor_total...
2025-10-04 21:09:50 | INFO | quality_checker | Verificando consistência de valor_iptu...
2025-10-04 21:09:51 | INFO | quality_checker | ✓ Validação concluída:
2025-10-04 21:09:51 | INFO | quality_checker |   - Registros válidos: 407766 (99.19%)
2025-10-04 21:09:51 | INFO | quality_checker |   - Registros inválidos: 3324 (0.81%)
2025-10-04 21:09:51 | INFO | quality_checker |   - Tipos de erros mais comuns:
2025-10-04 21:09:51 | INFO | quality_checker |     • valor_total_invalido: 3324 ocorrências
2025-10-04 21:09:51 | INFO | quality_checker |     • valor_iptu_invalido: 4 ocorrências
2025-10-04 21:10:11 | INFO | quality_checker | Iniciando validação de 415029 registros
2025-10-04 21:10:11 | INFO | quality_checker | Verificando completude dos campos obrigatórios...
2025-10-04 21:10:12 | INFO | quality_checker | Verificando consistência do ano...
2025-10-04 21:10:12 | INFO | quality_checker | Verificando consistência de valor_total...
2025-10-04 21:10:12 | INFO | quality_checker | Verificando consistência de valor_iptu...
2025-10-04 21:10:13 | INFO | quality_checker | ✓ Validação concluída:
2025-10-04 21:10:13 | INFO | quality_checker |   - Registros válidos: 411162 (99.07%)
2025-10-04 21:10:13 | INFO | quality_checker |   - Registros inválidos: 3867 (0.93%)
2025-10-04 21:10:13 | INFO | quality_checker |   - Tipos de erros mais comuns:
2025-10-04 21:10:13 | INFO | quality_checker |     • valor_total_invalido: 3867 ocorrências
2025-10-04 21:10:13 | INFO | quality_checker |     • valor_iptu_invalido: 7 ocorrências
2025-10-04 21:10:22 | INFO | quality_checker | Iniciando validação de 500 registros
2025-10-04 21:10:22 | INFO | quality_checker | Verificando completude dos campos obrigatórios...
2025-10-04 21:10:22 | INFO | quality_checker | Verificando consistência do ano...
2025-10-04 21:10:22 | INFO | quality_checker | Verificando consistência de valor_total...
2025-10-04 21:10:22 | INFO | quality_checker | Verificando consistência de valor_iptu...
2025-10-04 21:10:22 | INFO | quality_checker | ✓ Validação concluída:
2025-10-04 21:10:22 | INFO | quality_checker |   - Registros válidos: 498 (99.60%)
2025-10-04 21:10:22 | INFO | quality_checker |   - Registros inválidos: 2 (0.40%)
2025-10-04 21:10:22 | INFO | quality_checker |   - Tipos de erros mais comuns:
2025-10-04 21:10:22 | INFO | quality_checker |     • valor_total_invalido: 2 ocorrências
2025-10-10 19:24:15 | INFO | quality_checker | Iniciando validação de 403915 registros
2025-10-10 19:24:15 | INFO | quality_checker | Verificando completude dos campos obrigatórios...
2025-10-10 19:24:16 | INFO | quality_checker | Verificando consistência do ano...
2025-10-10 19:24:16 | INFO | quality_checker | Verificando consistência de valor_total...
2025-10-10 19:24:16 | INFO | quality_checker | Verificando consistência de valor_iptu...
2025-10-10 19:24:17 | INFO | quality_checker | ✓ Validação concluída:
2025-10-10 19:24:17 | INFO | quality_checker |   - Registros válidos: 401458 (99.39%)
2025-10-10 19:24:17 | INFO | quality_checker |   - Registros inválidos: 2457 (0.61%)
2025-10-10 19:24:17 | INFO | quality_checker |   - Tipos de erros mais comuns:
2025-10-10 19:24:17 | INFO | quality_checker |     • valor_total_invalido: 2457 ocorrências
2025-10-10 19:24:17 | INFO | quality_checker |     • valor_iptu_invalido: 3 ocorrências
2025-10-10 19:24:44 | INFO | quality_checker | Iniciando validação de 407245 registros
2025-10-10 19:24:44 | INFO | quality_checker | Verificando completude dos campos obrigatórios...
2025-10-10 19:24:45 | INFO | quality_checker | Verificando consistência do ano...
2025-10-10 19:24:45 | INFO | quality_checker | Verificando consistência de valor_total...
2025-10-10 19:24:45 | INFO | quality_checker | Verificando consistência de valor_iptu...
2025-10-10 19:24:46 | INFO | quality_checker | ✓ Validação concluída:
2025-10-10 19:24:46 | INFO | quality_checker |   - Registros válidos: 404562 (99.34%)
2025-10-10 19:24:46 | INFO | quality_checker |   - Registros inválidos: 2683 (0.66%)
2025-10-10 19:24:46 | INFO | quality_checker |   - Tipos de erros mais comuns:
2025-10-10 19:24:46 | INFO | quality_checker |     • valor_total_invalido: 2683 ocorrências
2025-10-10 19:24:46 | INFO | quality_checker |     • valor_iptu_invalido: 4 ocorrências
2025-10-10 19:25:12 | INFO | quality_checker | Iniciando validação de 411090 registros
2025-10-10 19:25:12 | INFO | quality_checker | Verificando completude dos campos obrigatórios...
2025-10-10 19:25:13 | INFO | quality_checker | Verificando consistência do ano...
2025-10-10 19:25:13 | INFO | quality_checker | Verificando consistência de valor_total...
2025-10-10 19:25:14 | INFO | quality_checker | Verificando consistência de valor_iptu...
2025-10-10 19:25:14 | INFO | quality_checker | ✓ Validação concluída:
2025-10-10 19:25:14 | INFO | quality_checker |   - Registros válidos: 407766 (99.19%)
2025-10-10 19:25:14 | INFO | quality_checker |   - Registros inválidos: 3324 (0.81%)
2025-10-10 19:25:14 | INFO | quality_checker |   - Tipos de erros mais comuns:
2025-10-10 19:25:14 | INFO | quality_checker |     • valor_total_invalido: 3324 ocorrências
2025-10-10 19:25:14 | INFO | quality_checker |     • valor_iptu_invalido: 4 ocorrências
2025-10-10 19:25:46 | INFO | quality_checker | Iniciando validação de 415029 registros
2025-10-10 19:25:46 | INFO | quality_checker | Verificando completude dos campos obrigatórios...
2025-10-10 19:25:46 | INFO | quality_checker | Verificando consistência do ano...
2025-10-10 19:25:46 | INFO | quality_checker | Verificando consistência de valor_total...
2025-10-10 19:25:47 | INFO | quality_checker | Verificando consistência de valor_iptu...
2025-10-10 19:25:48 | INFO | quality_checker | ✓ Validação concluída:
2025-10-10 19:25:48 | INFO | quality_checker |   - Registros válidos: 411162 (99.07%)
2025-10-10 19:25:48 | INFO | quality_checker |   - Registros inválidos: 3867 (0.93%)
2025-10-10 19:25:48 | INFO | quality_checker |   - Tipos de erros mais comuns:
2025-10-10 19:25:48 | INFO | quality_checker |     • valor_total_invalido: 3867 ocorrências
2025-10-10 19:25:48 | INFO | quality_checker |     • valor_iptu_invalido: 7 ocorrências
2025-10-10 19:26:04 | INFO | quality_checker | Iniciando validação de 500 registros
2025-10-10 19:26:04 | INFO | quality_checker | Verificando completude dos campos obrigatórios...
2025-10-10 19:26:04 | INFO | quality_checker | Verificando consistência do ano...
2025-10-10 19:26:04 | INFO | quality_checker | Verificando consistência de valor_total...
2025-10-10 19:26:04 | INFO | quality_checker | Verificando consistência de valor_iptu...
2025-10-10 19:26:04 | INFO | quality_checker | ✓ Validação concluída:
2025-10-10 19:26:04 | INFO | quality_checker |   - Registros válidos: 498 (99.60%)
2025-10-10 19:26:04 | INFO | quality_checker |   - Registros inválidos: 2 (0.40%)
2025-10-10 19:26:04 | INFO | quality_checker |   - Tipos de erros mais comuns:
2025-10-10 19:26:04 | INFO | quality_checker |     • valor_total_invalido: 2 ocorrências
